7.6405 	WARNING 	User requested fullscreen with size [1512  982], but screen is actually [1470, 956]. Using actual size
8.5378 	EXP 	Created window1 = Window(allowGUI=True, allowStencil=False, autoLog=True, backendConf=UNKNOWN, backgroundFit=<method-wrapper '__getattribute__' of attributeSetter object at 0x7f8311b87790>, backgroundImage=<method-wrapper '__getattribute__' of attributeSetter object at 0x7f8311b87730>, bitsMode=UNKNOWN, blendMode='avg', bpc=(8, 8, 8), color=array([0, 0, 0]), colorSpace='rgb', depthBits=8, fullscr=<method-wrapper '__getattribute__' of attributeSetter object at 0x7f8311b875b0>, gamma=None, gammaErrorPolicy='raise', lms=UNKNOWN, monitor=<psychopy.monitors.calibTools.Monitor object at 0x7f8309f09ca0>, multiSample=False, name='window1', numSamples=2, pos=[367.5, 239.0], screen=0, size=array([2940, 1912]), stencilBits=0, stereo=False, title='PsychoPy', units='height', useFBO=True, useRetina=True, viewOri=0.0, viewPos=None, viewScale=None, waitBlanking=True, winType='pyglet')
8.5379 	EXP 	window1: mouseVisible = True
8.5380 	EXP 	window1: backgroundImage = ''
8.5380 	EXP 	window1: backgroundFit = 'none'
8.5394 	EXP 	window1: Attempting to measure frame rate of screen (0) ...
8.5394 	EXP 	window1: recordFrameIntervals = False
8.7041 	EXP 	window1: recordFrameIntervals = True
8.8869 	EXP 	Screen (0) actual frame rate measured at 60.70Hz
8.8869 	EXP 	window1: recordFrameIntervals = False
8.8877 	EXP 	window1: mouseVisible = False
11.0219 	EXP 	186c experiment: status = STARTED
11.0225 	EXP 	window1: mouseVisible = True
11.0625 	EXP 	Created intro_text = TextStim(__class__=<class 'psychopy.visual.text.TextStim'>, alignHoriz=method-wrapper(...), alignText='center', alignVert=method-wrapper(...), anchorHoriz='center', anchorVert='center', antialias=True, autoDraw=False, autoLog=True, bold=False, color=array([1., 1., 1.]), colorSpace='rgb', contrast=1.0, depth=0.0, draggable=False, flipHoriz=False, flipVert=False, font='Open Sans', fontFiles=[], height=0.05, italic=False, languageStyle='LTR', name='intro_text', opacity=1.0, ori=0.0, pos=array([0., 0.]), rgb=UNKNOWN, text=str(...), units='height', win=Window(...), wrapWidth=1)
11.0780 	EXP 	Imported src/186c experiment survey form.csv as conditions, 4 conditions, 13 params
11.0785 	EXP 	Question text: How many languages do you know?
11.0787 	EXP 	window1: mouseVisible = True
11.0788 	EXP 	window1: mouseVisible = True
11.0791 	EXP 	window1: mouseVisible = True
11.0794 	EXP 	window1: mouseVisible = True
11.0988 	EXP 	window1: mouseVisible = True
11.0989 	EXP 	window1: mouseVisible = True
11.0993 	EXP 	window1: mouseVisible = True
11.0996 	EXP 	window1: mouseVisible = True
11.1087 	EXP 	window1: mouseVisible = True
11.1088 	EXP 	window1: mouseVisible = True
11.1091 	EXP 	window1: mouseVisible = True
11.1094 	EXP 	window1: mouseVisible = True
11.1127 	EXP 	window1: mouseVisible = True
11.1128 	EXP 	window1: mouseVisible = True
11.1131 	EXP 	window1: mouseVisible = True
11.1134 	EXP 	window1: mouseVisible = True
11.1169 	EXP 	Question text: List them, separated by comma (e.g. Chinese, English, Spanish)
11.1170 	EXP 	window1: mouseVisible = True
11.1171 	EXP 	window1: mouseVisible = True
11.1174 	EXP 	window1: mouseVisible = True
11.1177 	EXP 	window1: mouseVisible = True
11.1288 	EXP 	window1: mouseVisible = True
11.1289 	EXP 	window1: mouseVisible = True
11.1292 	EXP 	window1: mouseVisible = True
11.1295 	EXP 	window1: mouseVisible = True
11.1336 	EXP 	window1: mouseVisible = True
11.1337 	EXP 	window1: mouseVisible = True
11.1340 	EXP 	window1: mouseVisible = True
11.1343 	EXP 	window1: mouseVisible = True
11.1376 	EXP 	window1: mouseVisible = True
11.1377 	EXP 	window1: mouseVisible = True
11.1380 	EXP 	window1: mouseVisible = True
11.1382 	EXP 	window1: mouseVisible = True
11.1418 	EXP 	Question text: Please rate corresponding proficiency, separated by comma (e.g. 10, 9, 1)
11.1418 	EXP 	window1: mouseVisible = True
11.1419 	EXP 	window1: mouseVisible = True
11.1422 	EXP 	window1: mouseVisible = True
11.1425 	EXP 	window1: mouseVisible = True
11.1512 	EXP 	window1: mouseVisible = True
11.1513 	EXP 	window1: mouseVisible = True
11.1516 	EXP 	window1: mouseVisible = True
11.1519 	EXP 	window1: mouseVisible = True
11.1561 	EXP 	window1: mouseVisible = True
11.1562 	EXP 	window1: mouseVisible = True
11.1565 	EXP 	window1: mouseVisible = True
11.1568 	EXP 	window1: mouseVisible = True
11.1601 	EXP 	window1: mouseVisible = True
11.1602 	EXP 	window1: mouseVisible = True
11.1605 	EXP 	window1: mouseVisible = True
11.1608 	EXP 	window1: mouseVisible = True
11.1642 	EXP 	Question text: Provide a summed number of all the proficiencies.
11.1643 	EXP 	window1: mouseVisible = True
11.1644 	EXP 	window1: mouseVisible = True
11.1647 	EXP 	window1: mouseVisible = True
11.1649 	EXP 	window1: mouseVisible = True
11.1712 	EXP 	window1: mouseVisible = True
11.1712 	EXP 	window1: mouseVisible = True
11.1715 	EXP 	window1: mouseVisible = True
11.1718 	EXP 	window1: mouseVisible = True
11.1755 	EXP 	window1: mouseVisible = True
11.1756 	EXP 	window1: mouseVisible = True
11.1758 	EXP 	window1: mouseVisible = True
11.1761 	EXP 	window1: mouseVisible = True
11.1794 	EXP 	window1: mouseVisible = True
11.1795 	EXP 	window1: mouseVisible = True
11.1797 	EXP 	window1: mouseVisible = True
11.1800 	EXP 	window1: mouseVisible = True
11.1933 	EXP 	window1: mouseVisible = True
11.1934 	EXP 	window1: mouseVisible = True
11.1965 	EXP 	window1: mouseVisible = True
11.1994 	EXP 	window1: mouseVisible = True
11.2013 	EXP 	window1: mouseVisible = True
11.2016 	EXP 	window1: mouseVisible = True
11.2054 	EXP 	Created form = <psychopy.visual.form.Form object at 0x7f8348492ee0>
11.2055 	EXP 	window1: mouseVisible = True
11.2056 	EXP 	window1: mouseVisible = True
11.2059 	EXP 	window1: mouseVisible = True
11.2062 	EXP 	window1: mouseVisible = True
11.2237 	EXP 	window1: mouseVisible = True
11.2238 	EXP 	window1: mouseVisible = True
11.2241 	EXP 	window1: mouseVisible = True
11.2243 	EXP 	window1: mouseVisible = True
11.2404 	EXP 	window1: mouseVisible = True
11.2405 	EXP 	window1: mouseVisible = True
11.2432 	EXP 	Created survey_text = TextStim(__class__=<class 'psychopy.visual.text.TextStim'>, alignHoriz=method-wrapper(...), alignText='center', alignVert=method-wrapper(...), anchorHoriz='center', anchorVert='center', antialias=True, autoDraw=False, autoLog=True, bold=False, color=array([1., 1., 1.]), colorSpace='rgb', contrast=1.0, depth=-3.0, draggable=False, flipHoriz=False, flipVert=False, font='Open Sans', fontFiles=[], height=0.05, italic=False, languageStyle='LTR', name='survey_text', opacity=1.0, ori=0.0, pos=array([0., 0.]), rgb=UNKNOWN, text=str(...), units='height', win=Window(...), wrapWidth=1)
11.2433 	EXP 	window1: mouseVisible = True
11.2740 	EXP 	Created training_text = TextStim(__class__=<class 'psychopy.visual.text.TextStim'>, alignHoriz=method-wrapper(...), alignText='center', alignVert=method-wrapper(...), anchorHoriz='center', anchorVert='center', antialias=True, autoDraw=False, autoLog=True, bold=False, color=array([1., 1., 1.]), colorSpace='rgb', contrast=1.0, depth=0.0, draggable=False, flipHoriz=False, flipVert=False, font='Open Sans', fontFiles=[], height=0.05, italic=False, languageStyle='LTR', name='training_text', opacity=1.0, ori=0.0, pos=array([0., 0.]), rgb=UNKNOWN, text=str(...), units='height', win=Window(...), wrapWidth=1)
11.2758 	EXP 	Imported src/training_list.csv as conditions, 6 conditions, 2 params
11.2766 	EXP 	window1: mouseVisible = True
11.2789 	EXP 	Created training_fixation_1 = TextStim(__class__=<class 'psychopy.visual.text.TextStim'>, alignHoriz=method-wrapper(...), alignText='center', alignVert=method-wrapper(...), anchorHoriz='center', anchorVert='center', antialias=True, autoDraw=False, autoLog=True, bold=False, color=array([1., 1., 1.]), colorSpace='rgb', contrast=1.0, depth=-1.0, draggable=False, flipHoriz=False, flipVert=False, font='Open Sans', fontFiles=[], height=0.07, italic=False, languageStyle='LTR', name='training_fixation_1', opacity=1.0, ori=0.0, pos=array([0., 0.]), rgb=UNKNOWN, text='+', units='height', win=Window(...), wrapWidth=1)
11.2790 	EXP 	window1: mouseVisible = True
11.2839 	EXP 	Created training_fixation_2 = TextStim(__class__=<class 'psychopy.visual.text.TextStim'>, alignHoriz=method-wrapper(...), alignText='center', alignVert=method-wrapper(...), anchorHoriz='center', anchorVert='center', antialias=True, autoDraw=False, autoLog=True, bold=False, color=array([1., 1., 1.]), colorSpace='rgb', contrast=1.0, depth=-2.0, draggable=False, flipHoriz=False, flipVert=False, font='Open Sans', fontFiles=[], height=0.04, italic=False, languageStyle='LTR', name='training_fixation_2', opacity=1.0, ori=0.0, pos=array([0., 0.]), rgb=UNKNOWN, text='+', units='height', win=Window(...), wrapWidth=1)
11.4418 	EXP 	Sound training_sound set volume 1.000
11.4420 	EXP 	window1: mouseVisible = True
11.4620 	EXP 	Created sample_start = TextStim(__class__=<class 'psychopy.visual.text.TextStim'>, alignHoriz=method-wrapper(...), alignText='center', alignVert=method-wrapper(...), anchorHoriz='center', anchorVert='center', antialias=True, autoDraw=False, autoLog=True, bold=False, color=array([1., 1., 1.]), colorSpace='rgb', contrast=1.0, depth=0.0, draggable=False, flipHoriz=False, flipVert=False, font='Open Sans', fontFiles=[], height=0.05, italic=False, languageStyle='LTR', name='sample_start', opacity=1.0, ori=0.0, pos=array([0., 0.]), rgb=UNKNOWN, text=str(...), units='height', win=Window(...), wrapWidth=1)
11.4635 	EXP 	Imported src/sample_list.csv as conditions, 2 conditions, 1 params
11.4763 	EXP 	Sound sample_sound set volume 1.000
11.4764 	EXP 	window1: mouseVisible = True
11.4783 	EXP 	Created sample_fixation = TextStim(__class__=<class 'psychopy.visual.text.TextStim'>, alignHoriz=method-wrapper(...), alignText='center', alignVert=method-wrapper(...), anchorHoriz='center', anchorVert='center', antialias=True, autoDraw=False, autoLog=True, bold=False, color=array([1., 1., 1.]), colorSpace='rgb', contrast=1.0, depth=-2.0, draggable=False, flipHoriz=False, flipVert=False, font='Open Sans', fontFiles=[], height=0.05, italic=False, languageStyle='LTR', name='sample_fixation', opacity=1.0, ori=0.0, pos=array([0., 0.]), rgb=UNKNOWN, text='+', units='height', win=Window(...), wrapWidth=1)
11.4784 	EXP 	window1: mouseVisible = True
11.4838 	EXP 	Created sample_text = TextStim(__class__=<class 'psychopy.visual.text.TextStim'>, alignHoriz=method-wrapper(...), alignText='center', alignVert=method-wrapper(...), anchorHoriz='center', anchorVert='center', antialias=True, autoDraw=False, autoLog=True, bold=False, color=array([1., 1., 1.]), colorSpace='rgb', contrast=1.0, depth=-4.0, draggable=False, flipHoriz=False, flipVert=False, font='Open Sans', fontFiles=[], height=0.05, italic=False, languageStyle='LTR', name='sample_text', opacity=1.0, ori=0.0, pos=array([0., 0.]), rgb=UNKNOWN, text=str(...), units='height', win=Window(...), wrapWidth=1)
11.4839 	EXP 	window1: mouseVisible = True
11.4921 	EXP 	Created trial_start = TextStim(__class__=<class 'psychopy.visual.text.TextStim'>, alignHoriz=method-wrapper(...), alignText='center', alignVert=method-wrapper(...), anchorHoriz='center', anchorVert='center', antialias=True, autoDraw=False, autoLog=True, bold=False, color=array([1., 1., 1.]), colorSpace='rgb', contrast=1.0, depth=0.0, draggable=False, flipHoriz=False, flipVert=False, font='Open Sans', fontFiles=[], height=0.05, italic=False, languageStyle='LTR', name='trial_start', opacity=1.0, ori=0.0, pos=array([0., 0.]), rgb=UNKNOWN, text=str(...), units='height', win=Window(...), wrapWidth=1)
11.4943 	EXP 	Imported src/trial_list.csv as conditions, 32 conditions, 2 params
11.5052 	EXP 	Sound trial_sound set volume 1.000
11.5053 	EXP 	window1: mouseVisible = True
11.5070 	EXP 	Created trial_fixation = TextStim(__class__=<class 'psychopy.visual.text.TextStim'>, alignHoriz=method-wrapper(...), alignText='center', alignVert=method-wrapper(...), anchorHoriz='center', anchorVert='center', antialias=True, autoDraw=False, autoLog=True, bold=False, color=array([1., 1., 1.]), colorSpace='rgb', contrast=1.0, depth=-2.0, draggable=False, flipHoriz=False, flipVert=False, font='Open Sans', fontFiles=[], height=0.05, italic=False, languageStyle='LTR', name='trial_fixation', opacity=1.0, ori=0.0, pos=array([0., 0.]), rgb=UNKNOWN, text='+', units='height', win=Window(...), wrapWidth=1)
11.5071 	EXP 	window1: mouseVisible = True
11.5098 	EXP 	Created trial_text = TextStim(__class__=<class 'psychopy.visual.text.TextStim'>, alignHoriz=method-wrapper(...), alignText='center', alignVert=method-wrapper(...), anchorHoriz='center', anchorVert='center', antialias=True, autoDraw=False, autoLog=True, bold=False, color=array([1., 1., 1.]), colorSpace='rgb', contrast=1.0, depth=-4.0, draggable=False, flipHoriz=False, flipVert=False, font='Open Sans', fontFiles=[], height=0.05, italic=False, languageStyle='LTR', name='trial_text', opacity=1.0, ori=0.0, pos=array([0., 0.]), rgb=UNKNOWN, text='Do you think this is the language you learned?', units='height', win=Window(...), wrapWidth=1)
11.5099 	EXP 	window1: mouseVisible = True
11.5139 	EXP 	Created conclusion_text = TextStim(__class__=<class 'psychopy.visual.text.TextStim'>, alignHoriz=method-wrapper(...), alignText='center', alignVert=method-wrapper(...), anchorHoriz='center', anchorVert='center', antialias=True, autoDraw=False, autoLog=True, bold=False, color=array([1., 1., 1.]), colorSpace='rgb', contrast=1.0, depth=0.0, draggable=False, flipHoriz=False, flipVert=False, font='Open Sans', fontFiles=[], height=0.05, italic=False, languageStyle='LTR', name='conclusion_text', opacity=1.0, ori=0.0, pos=array([0., 0.]), rgb=UNKNOWN, text=str(...), units='height', win=Window(...), wrapWidth=1)
0.0303 	EXP 	unnamed Form: autoLog = True
0.0303 	EXP 	form: name = 'form'
0.0303 	EXP 	form: depth = -1
0.0303 	EXP 	form: fillColor = 'white'
0.0303 	EXP 	form: borderColor = 'transparent'
0.0414 	EXP 	intro_text: autoDraw = True
7.1012 	DATA 	Keypress: right
7.1073 	EXP 	intro_text: autoDraw = False
7.1073 	EXP 	survey_text: autoDraw = True
10.1091 	EXP 	form: autoDraw = True
10.1350 	EXP 	survey_text: autoDraw = False
11.5560 	DATA 	Keypress: 2
11.8047 	DATA 	Keypress: tab
16.2402 	DATA 	Keypress: lshift
16.3375 	DATA 	Keypress: j
16.5974 	DATA 	Keypress: a
16.6643 	DATA 	Keypress: p
16.7962 	DATA 	Keypress: a
16.9064 	DATA 	Keypress: n
17.0609 	DATA 	Keypress: e
17.1573 	DATA 	Keypress: s
17.2817 	DATA 	Keypress: e
17.4368 	DATA 	Keypress: comma
17.5039 	DATA 	Keypress: space
17.8152 	DATA 	Keypress: backspace
18.2210 	DATA 	Keypress: space
18.4169 	DATA 	Keypress: lshift
18.5127 	DATA 	Keypress: e
18.6607 	DATA 	Keypress: n
18.9864 	DATA 	Keypress: g
19.1041 	DATA 	Keypress: l
19.3162 	DATA 	Keypress: i
19.4710 	DATA 	Keypress: s
19.5389 	DATA 	Keypress: h
20.3095 	DATA 	Keypress: tab
22.9086 	DATA 	Keypress: 6
23.2089 	DATA 	Keypress: comma
23.3100 	DATA 	Keypress: space
23.5705 	DATA 	Keypress: 9
24.1182 	DATA 	Keypress: tab
26.4076 	DATA 	Keypress: 1
26.6592 	DATA 	Keypress: 5
28.5429 	DATA 	Mouse: Left button down, pos=(687,43)
28.5681 	EXP 	form: autoDraw = False
28.5681 	EXP 	survey_text: autoDraw = False
28.5681 	EXP 	training_text: autoDraw = True
28.6578 	DATA 	Mouse:  Left button up, pos=(687,43)
32.6471 	EXP 	Created sequence: random, trialTypes=1, nReps=1, seed=None
32.6474 	EXP 	New trial (rep=0, index=0): None
32.6713 	DATA 	Keypress: space
32.6750 	EXP 	training_text: autoDraw = False
32.6750 	EXP 	training_fixation_1: autoDraw = True
33.6568 	EXP 	Sound training_sound started
40.6586 	EXP 	Sound training_sound stopped
41.1569 	EXP 	training_fixation_2: autoDraw = True
41.1906 	EXP 	training_fixation_1: autoDraw = False
43.7866 	DATA 	Keypress: escape
43.8240 	EXP 	186c experiment: status = STOPPED
43.8400 	EXP 	training_fixation_2: autoDraw = False
43.8400 	EXP 	186c experiment: status = STOPPED
43.9081 	EXP 	window1: mouseVisible = True
